#
# A fatal error has been detected by the Java Runtime Environment:
#
#  EXCEPTION_ACCESS_VIOLATION (0xc0000005) at pc=0x00000000466d1066, pid=1568, tid=0x0000000000006220
#
# JRE version: Java(TM) SE Runtime Environment (8.0_241-b07) (build 1.8.0_241-b07)
# Java VM: Java HotSpot(TM) 64-Bit Server VM (25.241-b07 mixed mode windows-amd64 compressed oops)
# Problematic frame:
# C  [OpenAL64.dll+0x11066]
#
# Failed to write core dump. Minidumps are not enabled by default on client versions of Windows
#
# If you would like to submit a bug report, please visit:
#   http://bugreport.java.com/bugreport/crash.jsp
# The crash happened outside the Java Virtual Machine in native code.
# See problematic frame for where to report the bug.
#

---------------  T H R E A D  ---------------

Current thread (0x000000003988a000):  JavaThread "Thread-8" [_thread_in_native, id=25120, stack(0x00000000468a0000,0x00000000469a0000)]

siginfo: ExceptionCode=0xc0000005, reading address 0x000000001a5ab004

Registers:
RAX=0x0000000000000004, RBX=0x0000000046ca0090, RCX=0x000000001a5ab008, RDX=0x000000001a5ab004
RSP=0x000000004699ed40, RBP=0x00000000000000ff, RSI=0x000000001a5aaf6c, RDI=0x0000000000000000
R8 =0x0000000000000026, R9 =0x000000001a5aaf6c, R10=0x0000000002ef85fb, R11=0x00000000744ecfe0
R12=0x0000000000000001, R13=0x00000000469a63a0, R14=0x000000004699eed8, R15=0x000000003988a000
RIP=0x00000000466d1066, EFLAGS=0x0000000000010202

Top of Stack: (sp=0x000000004699ed40)
0x000000004699ed40:   0000000000000000 000000007438e07b
0x000000004699ed50:   000000003988a000 000000003988a000
0x000000004699ed60:   00000000469a63a0 0000000000000000
0x000000004699ed70:   000000003988a000 000000001a5a8460
0x000000004699ed80:   00000000469a63a0 000000004699eed8
0x000000004699ed90:   0000000019832120 000000007437c406
0x000000004699eda0:   000000004699f548 000000001bc06830
0x000000004699edb0:   000000003988a000 000000004699eed8
0x000000004699edc0:   00000000469a63a0 0000000000000000
0x000000004699edd0:   000000001a5aaf6c 00000000d5557c48
0x000000004699ede0:   000000004699eea0 00000000466d248f
0x000000004699edf0:   0000000046ca0090 0000000046ca0090
0x000000004699ee00:   000000000000ac44 0000000000000004
0x000000004699ee10:   0000000000000010 0000000002ef8627
0x000000004699ee20:   00000000469a63a0 0000000002ef835d
0x000000004699ee30:   000000003988a000 00000000469a63a0 

Instructions: (pc=0x00000000466d1066)
0x00000000466d1046:   41 2b ec 81 3a 03 00 02 00 75 09 8b 01 89 84 24
0x00000000466d1056:   c8 00 00 00 49 83 c0 02 48 83 c1 08 4a 8d 14 86
0x00000000466d1066:   39 3a 75 af 4c 8d 84 24 c0 00 00 00 48 8d 15 d7
0x00000000466d1076:   2b 03 00 33 c9 e8 58 5f 00 00 b8 40 1f 00 00 4c 


Register to memory mapping:

RAX=0x0000000000000004 is an unknown value
RBX=0x0000000046ca0090 is an unknown value
RCX=0x000000001a5ab008 is an unknown value
RDX=0x000000001a5ab004 is an unknown value
RSP=0x000000004699ed40 is pointing into the stack for thread: 0x000000003988a000
RBP=0x00000000000000ff is an unknown value
RSI=0x000000001a5aaf6c is an unknown value
RDI=0x0000000000000000 is an unknown value
R8 =0x0000000000000026 is an unknown value
R9 =0x000000001a5aaf6c is an unknown value
R10=0x0000000002ef85fb is at code_begin+891 in an Interpreter codelet
method entry point (kind = native)  [0x0000000002ef8280, 0x0000000002ef8c40]  2496 bytes
R11=0x00000000744ecfe0 is an unknown value
R12=0x0000000000000001 is an unknown value
R13={method} {0x00000000469a63a8} 'nalcCreateContext' '(JJ)J' in 'org/lwjgl/openal/ALC10'
R14=0x000000004699eed8 is pointing into the stack for thread: 0x000000003988a000
R15=0x000000003988a000 is a thread


Stack: [0x00000000468a0000,0x00000000469a0000],  sp=0x000000004699ed40,  free space=1019k
Native frames: (J=compiled Java code, j=interpreted, Vv=VM code, C=native code)
C  [OpenAL64.dll+0x11066]
C  [OpenAL64.dll+0x1248f]
C  0x0000000002ef8627

Java frames: (J=compiled Java code, j=interpreted, Vv=VM code)
j  org.lwjgl.openal.ALC10.nalcCreateContext(JJ)J+0
j  org.lwjgl.openal.ALC10.alcCreateContext(Lorg/lwjgl/openal/ALCdevice;Ljava/nio/IntBuffer;)Lorg/lwjgl/openal/ALCcontext;+8
j  org.lwjgl.openal.AL.init(Ljava/lang/String;IIZZ)V+69
j  org.lwjgl.openal.AL.create(Ljava/lang/String;IIZZ)V+227
j  org.lwjgl.openal.AL.create(Ljava/lang/String;IIZ)V+5
j  org.lwjgl.openal.AL.create()V+6
j  paulscode.sound.libraries.LibraryLWJGLOpenAL.init()V+2
j  paulscode.sound.SoundSystem.CommandNewLibrary(Ljava/lang/Class;)V+273
j  paulscode.sound.SoundSystem.CommandQueue(Lpaulscode/sound/CommandObject;)Z+1206
j  paulscode.sound.CommandThread.run()V+51
v  ~StubRoutines::call_stub

---------------  P R O C E S S  ---------------

Java Threads: ( => current thread )
  0x000000003988d800 JavaThread "Keep-Alive-Timer" daemon [_thread_blocked, id=11468, stack(0x0000000046da0000,0x0000000046ea0000)]
  0x000000003988a800 JavaThread "Thread-9" [_thread_blocked, id=1584, stack(0x00000000465c0000,0x00000000466c0000)]
=>0x000000003988a000 JavaThread "Thread-8" [_thread_in_native, id=25120, stack(0x00000000468a0000,0x00000000469a0000)]
  0x000000001a685800 JavaThread "Sound Library Loader" [_thread_blocked, id=19324, stack(0x0000000032880000,0x0000000032980000)]
  0x000000001991b000 JavaThread "LWJGL Timer" daemon [_thread_blocked, id=10220, stack(0x00000000314b0000,0x00000000315b0000)]
  0x000000001a14a000 JavaThread "Thread-6" [_thread_in_native, id=7656, stack(0x000000002d2f0000,0x000000002d3f0000)]
  0x000000001c771000 JavaThread "Java2D Disposer" daemon [_thread_blocked, id=10972, stack(0x000000001d570000,0x000000001d670000)]
  0x000000001c455000 JavaThread "Timer hack thread" daemon [_thread_blocked, id=24836, stack(0x000000001d470000,0x000000001d570000)]
  0x000000001bc89000 JavaThread "Snooper Timer" daemon [_thread_blocked, id=18768, stack(0x000000001d270000,0x000000001d370000)]
  0x0000000018041000 JavaThread "Service Thread" daemon [_thread_blocked, id=24236, stack(0x0000000018d60000,0x0000000018e60000)]
  0x0000000017fbc800 JavaThread "C1 CompilerThread3" daemon [_thread_blocked, id=7628, stack(0x0000000018c60000,0x0000000018d60000)]
  0x0000000017fbc000 JavaThread "C2 CompilerThread2" daemon [_thread_in_native, id=17212, stack(0x0000000018b60000,0x0000000018c60000)]
  0x0000000017fb7000 JavaThread "C2 CompilerThread1" daemon [_thread_in_native, id=6612, stack(0x0000000018a60000,0x0000000018b60000)]
  0x0000000017fb4800 JavaThread "C2 CompilerThread0" daemon [_thread_in_native, id=15968, stack(0x0000000018960000,0x0000000018a60000)]
  0x0000000017fb2800 JavaThread "Attach Listener" daemon [_thread_blocked, id=4492, stack(0x0000000018860000,0x0000000018960000)]
  0x0000000017fb1800 JavaThread "Signal Dispatcher" daemon [_thread_blocked, id=11088, stack(0x0000000018760000,0x0000000018860000)]
  0x0000000017fb1000 JavaThread "Surrogate Locker Thread (Concurrent GC)" daemon [_thread_blocked, id=14496, stack(0x0000000018660000,0x0000000018760000)]
  0x000000001764e000 JavaThread "Finalizer" daemon [_thread_blocked, id=16004, stack(0x0000000018450000,0x0000000018550000)]
  0x0000000017f90000 JavaThread "Reference Handler" daemon [_thread_blocked, id=17316, stack(0x0000000018350000,0x0000000018450000)]
  0x0000000002de6800 JavaThread "Client thread" [_thread_in_native, id=24972, stack(0x0000000002ce0000,0x0000000002de0000)]

Other Threads:
  0x000000001763b800 VMThread [stack: 0x0000000018250000,0x0000000018350000] [id=9268]
  0x0000000017ffe800 WatcherThread [stack: 0x0000000018e60000,0x0000000018f60000] [id=6680]

VM state:not at safepoint (normal execution)

VM Mutex/Monitor currently owned by a thread: None

heap address: 0x00000000c0000000, size: 1024 MB, Compressed Oops mode: 32-bit
Narrow klass base: 0x0000000000000000, Narrow klass shift: 3
Compressed class space size: 1073741824 Address: 0x0000000100000000

Heap:
 par new generation   total 314560K, used 50070K [0x00000000c0000000, 0x00000000d5550000, 0x00000000d5550000)
  eden space 279616K,   5% used [0x00000000c0000000, 0x00000000c0ec5be8, 0x00000000d1110000)
  from space 34944K,  99% used [0x00000000d3330000, 0x00000000d554fff8, 0x00000000d5550000)
  to   space 34944K,   0% used [0x00000000d1110000, 0x00000000d1110000, 0x00000000d3330000)
 concurrent mark-sweep generation total 699072K, used 139382K [0x00000000d5550000, 0x0000000100000000, 0x0000000100000000)
 Metaspace       used 27786K, capacity 28061K, committed 28364K, reserved 1075200K
  class space    used 3425K, capacity 3511K, committed 3532K, reserved 1048576K

Card table byte_map: [0x0000000012ca0000,0x0000000012eb0000] byte_map_base: 0x00000000126a0000

Marking Bits: (CMSBitMap*) 0x0000000002e88df8
 Bits: [0x0000000013ac0000, 0x000000001456ac00)

Mod Union Table: (CMSBitMap*) 0x0000000002e88eb8
 Bits: [0x0000000014570000, 0x000000001459aab0)

Polling page: 0x00000000013d0000

CodeCache: size=245760Kb used=11487Kb max_used=11612Kb free=234272Kb
 bounds [0x0000000002ee0000, 0x0000000003a60000, 0x0000000011ee0000]
 total_blobs=3559 nmethods=2925 adapters=547
 compilation: enabled

Compilation events (10 events):
Event: 11.938 Thread 0x0000000017fbc800 nmethod 3802 0x0000000003626910 code [0x0000000003626b40, 0x0000000003627758]
Event: 11.938 Thread 0x0000000017fbc800 3803       3       net.minecraft.util.ResourceLocation::<init> (40 bytes)
Event: 11.939 Thread 0x0000000017fbc800 nmethod 3803 0x0000000003624d90 code [0x0000000003624fe0, 0x0000000003625df8]
Event: 11.939 Thread 0x0000000017fbc800 3804       3       java.lang.Throwable::<init> (34 bytes)
Event: 11.940 Thread 0x0000000017fbc800 nmethod 3804 0x0000000003624790 code [0x0000000003624900, 0x0000000003624be8]
Event: 11.940 Thread 0x0000000017fbc800 3805       3       java.lang.Exception::<init> (6 bytes)
Event: 11.941 Thread 0x0000000017fbc800 nmethod 3805 0x000000000355bf50 code [0x000000000355c0c0, 0x000000000355c408]
Event: 11.948 Thread 0x0000000017fbc800 3806       3       java.util.LinkedHashMap$LinkedHashIterator::<init> (31 bytes)
Event: 11.948 Thread 0x0000000017fbc800 nmethod 3806 0x00000000036d6250 code [0x00000000036d63c0, 0x00000000036d65b0]
Event: 11.962 Thread 0x0000000017fb7000 3807  s    4       sun.misc.URLClassPath::getNextLoader (88 bytes)

GC Heap History (10 events):
Event: 3.745 GC heap before
{Heap before GC invocations=1 (full 2):
 par new generation   total 314560K, used 279616K [0x00000000c0000000, 0x00000000d5550000, 0x00000000d5550000)
  eden space 279616K, 100% used [0x00000000c0000000, 0x00000000d1110000, 0x00000000d1110000)
  from space 34944K,   0% used [0x00000000d1110000, 0x00000000d1110000, 0x00000000d3330000)
  to   space 34944K,   0% used [0x00000000d3330000, 0x00000000d3330000, 0x00000000d5550000)
 concurrent mark-sweep generation total 699072K, used 5344K [0x00000000d5550000, 0x0000000100000000, 0x0000000100000000)
 Metaspace       used 18397K, capacity 18576K, committed 18944K, reserved 1067008K
  class space    used 2202K, capacity 2282K, committed 2304K, reserved 1048576K
Event: 3.758 GC heap after
Heap after GC invocations=2 (full 2):
 par new generation   total 314560K, used 24055K [0x00000000c0000000, 0x00000000d5550000, 0x00000000d5550000)
  eden space 279616K,   0% used [0x00000000c0000000, 0x00000000c0000000, 0x00000000d1110000)
  from space 34944K,  68% used [0x00000000d3330000, 0x00000000d4aadd68, 0x00000000d5550000)
  to   space 34944K,   0% used [0x00000000d1110000, 0x00000000d1110000, 0x00000000d3330000)
 concurrent mark-sweep generation total 699072K, used 5344K [0x00000000d5550000, 0x0000000100000000, 0x0000000100000000)
 Metaspace       used 18397K, capacity 18576K, committed 18944K, reserved 1067008K
  class space    used 2202K, capacity 2282K, committed 2304K, reserved 1048576K
}
Event: 5.932 GC heap before
{Heap before GC invocations=2 (full 2):
 par new generation   total 314560K, used 303671K [0x00000000c0000000, 0x00000000d5550000, 0x00000000d5550000)
  eden space 279616K, 100% used [0x00000000c0000000, 0x00000000d1110000, 0x00000000d1110000)
  from space 34944K,  68% used [0x00000000d3330000, 0x00000000d4aadd68, 0x00000000d5550000)
  to   space 34944K,   0% used [0x00000000d1110000, 0x00000000d1110000, 0x00000000d3330000)
 concurrent mark-sweep generation total 699072K, used 2528K [0x00000000d5550000, 0x0000000100000000, 0x0000000100000000)
 Metaspace       used 24875K, capacity 25077K, committed 25420K, reserved 1071104K
  class space    used 3062K, capacity 3117K, committed 3148K, reserved 1048576K
Event: 5.972 GC heap after
Heap after GC invocations=3 (full 2):
 par new generation   total 314560K, used 17663K [0x00000000c0000000, 0x00000000d5550000, 0x00000000d5550000)
  eden space 279616K,   0% used [0x00000000c0000000, 0x00000000c0000000, 0x00000000d1110000)
  from space 34944K,  50% used [0x00000000d1110000, 0x00000000d224fc40, 0x00000000d3330000)
  to   space 34944K,   0% used [0x00000000d3330000, 0x00000000d3330000, 0x00000000d5550000)
 concurrent mark-sweep generation total 699072K, used 22938K [0x00000000d5550000, 0x0000000100000000, 0x0000000100000000)
 Metaspace       used 24875K, capacity 25077K, committed 25420K, reserved 1071104K
  class space    used 3062K, capacity 3117K, committed 3148K, reserved 1048576K
}
Event: 8.305 GC heap before
{Heap before GC invocations=3 (full 2):
 par new generation   total 314560K, used 297279K [0x00000000c0000000, 0x00000000d5550000, 0x00000000d5550000)
  eden space 279616K, 100% used [0x00000000c0000000, 0x00000000d1110000, 0x00000000d1110000)
  from space 34944K,  50% used [0x00000000d1110000, 0x00000000d224fc40, 0x00000000d3330000)
  to   space 34944K,   0% used [0x00000000d3330000, 0x00000000d3330000, 0x00000000d5550000)
 concurrent mark-sweep generation total 699072K, used 22938K [0x00000000d5550000, 0x0000000100000000, 0x0000000100000000)
 Metaspace       used 24952K, capacity 25141K, committed 25420K, reserved 1071104K
  class space    used 3064K, capacity 3117K, committed 3148K, reserved 1048576K
Event: 8.350 GC heap after
Heap after GC invocations=4 (full 2):
 par new generation   total 314560K, used 34944K [0x00000000c0000000, 0x00000000d5550000, 0x00000000d5550000)
  eden space 279616K,   0% used [0x00000000c0000000, 0x00000000c0000000, 0x00000000d1110000)
  from space 34944K, 100% used [0x00000000d3330000, 0x00000000d5550000, 0x00000000d5550000)
  to   space 34944K,   0% used [0x00000000d1110000, 0x00000000d1110000, 0x00000000d3330000)
 concurrent mark-sweep generation total 699072K, used 52802K [0x00000000d5550000, 0x0000000100000000, 0x0000000100000000)
 Metaspace       used 24952K, capacity 25141K, committed 25420K, reserved 1071104K
  class space    used 3064K, capacity 3117K, committed 3148K, reserved 1048576K
}
Event: 10.164 GC heap before
{Heap before GC invocations=4 (full 3):
 par new generation   total 314560K, used 314560K [0x00000000c0000000, 0x00000000d5550000, 0x00000000d5550000)
  eden space 279616K, 100% used [0x00000000c0000000, 0x00000000d1110000, 0x00000000d1110000)
  from space 34944K, 100% used [0x00000000d3330000, 0x00000000d5550000, 0x00000000d5550000)
  to   space 34944K,   0% used [0x00000000d1110000, 0x00000000d1110000, 0x00000000d3330000)
 concurrent mark-sweep generation total 699072K, used 52802K [0x00000000d5550000, 0x0000000100000000, 0x0000000100000000)
 Metaspace       used 25012K, capacity 25269K, committed 25676K, reserved 1071104K
  class space    used 3064K, capacity 3117K, committed 3148K, reserved 1048576K
Event: 10.245 GC heap after
Heap after GC invocations=5 (full 3):
 par new generation   total 314560K, used 34944K [0x00000000c0000000, 0x00000000d5550000, 0x00000000d5550000)
  eden space 279616K,   0% used [0x00000000c0000000, 0x00000000c0000000, 0x00000000d1110000)
  from space 34944K, 100% used [0x00000000d1110000, 0x00000000d3330000, 0x00000000d3330000)
  to   space 34944K,   0% used [0x00000000d3330000, 0x00000000d3330000, 0x00000000d5550000)
 concurrent mark-sweep generation total 699072K, used 125939K [0x00000000d5550000, 0x0000000100000000, 0x0000000100000000)
 Metaspace       used 25012K, capacity 25269K, committed 25676K, reserved 1071104K
  class space    used 3064K, capacity 3117K, committed 3148K, reserved 1048576K
}
Event: 11.858 GC heap before
{Heap before GC invocations=5 (full 3):
 par new generation   total 314560K, used 314560K [0x00000000c0000000, 0x00000000d5550000, 0x00000000d5550000)
  eden space 279616K, 100% used [0x00000000c0000000, 0x00000000d1110000, 0x00000000d1110000)
  from space 34944K, 100% used [0x00000000d1110000, 0x00000000d3330000, 0x00000000d3330000)
  to   space 34944K,   0% used [0x00000000d3330000, 0x00000000d3330000, 0x00000000d5550000)
 concurrent mark-sweep generation total 699072K, used 124110K [0x00000000d5550000, 0x0000000100000000, 0x0000000100000000)
 Metaspace       used 27551K, capacity 27805K, committed 28108K, reserved 1073152K
  class space    used 3398K, capacity 3511K, committed 3532K, reserved 1048576K
Event: 11.884 GC heap after
Heap after GC invocations=6 (full 3):
 par new generation   total 314560K, used 34943K [0x00000000c0000000, 0x00000000d5550000, 0x00000000d5550000)
  eden space 279616K,   0% used [0x00000000c0000000, 0x00000000c0000000, 0x00000000d1110000)
  from space 34944K,  99% used [0x00000000d3330000, 0x00000000d554fff8, 0x00000000d5550000)
  to   space 34944K,   0% used [0x00000000d1110000, 0x00000000d1110000, 0x00000000d3330000)
 concurrent mark-sweep generation total 699072K, used 139382K [0x00000000d5550000, 0x0000000100000000, 0x0000000100000000)
 Metaspace       used 27551K, capacity 27805K, committed 28108K, reserved 1073152K
  class space    used 3398K, capacity 3511K, committed 3532K, reserved 1048576K
}

Deoptimization events (10 events):
Event: 11.606 Thread 0x0000000002de6800 Uncommon trap: reason=unstable_if action=reinterpret pc=0x00000000030dd478 method=org.objectweb.asm.Type.getDescriptor(Ljava/lang/StringBuffer;Ljava/lang/Class;)V @ 6
Event: 11.610 Thread 0x0000000002de6800 Uncommon trap: reason=unstable_if action=reinterpret pc=0x00000000038d619c method=org.objectweb.asm.MethodWriter.<init>(Lorg/objectweb/asm/ClassWriter;ILjava/lang/String;Ljava/lang/String;Ljava/lang/String;[Ljava/lang/String;ZZ)V @ 180
Event: 11.610 Thread 0x0000000002de6800 Uncommon trap: reason=unstable_if action=reinterpret pc=0x00000000035e9d70 method=org.objectweb.asm.MethodWriter.visitVarInsn(II)V @ 15
Event: 11.610 Thread 0x0000000002de6800 Uncommon trap: reason=unstable_if action=reinterpret pc=0x00000000036e6538 method=org.objectweb.asm.MethodWriter.visitMethodInsn(ILjava/lang/String;Ljava/lang/String;Ljava/lang/String;Z)V @ 37
Event: 11.610 Thread 0x0000000002de6800 Uncommon trap: reason=unstable_if action=reinterpret pc=0x00000000035ec2d0 method=org.objectweb.asm.MethodWriter.visitInsn(I)V @ 24
Event: 11.610 Thread 0x0000000002de6800 Uncommon trap: reason=unstable_if action=reinterpret pc=0x00000000038336bc method=org.objectweb.asm.MethodWriter.visitMaxs(II)V @ 627
Event: 11.610 Thread 0x0000000002de6800 Uncommon trap: reason=unstable_if action=reinterpret pc=0x000000000388ad3c method=org.objectweb.asm.MethodWriter.visitTypeInsn(ILjava/lang/String;)V @ 24
Event: 11.627 Thread 0x000000003750b800 Uncommon trap: reason=bimorphic action=maybe_recompile pc=0x000000000330441c method=java.net.URL.<init>(Ljava/net/URL;Ljava/lang/String;Ljava/net/URLStreamHandler;)V @ 504
Event: 11.631 Thread 0x000000003750b800 Uncommon trap: reason=unstable_if action=reinterpret pc=0x00000000033478c8 method=java.lang.ThreadLocal.get()Ljava/lang/Object; @ 11
Event: 11.634 Thread 0x000000003750b800 Uncommon trap: reason=unstable_if action=reinterpret pc=0x00000000031d8f3c method=java.net.URI.match(CJJ)Z @ 45

Classes redefined (0 events):
No events

Internal exceptions (10 events):
Event: 11.941 Thread 0x000000003988a000 Exception <a 'org/lwjgl/LWJGLException'> (0x00000000c0d273c8) thrown at [C:\ade\jenkins\workspace\8-2-build-windows-amd64-cygwin\jdk8u241\331\hotspot\src\share\vm\prims\jni.cpp, line 710]
Event: 11.941 Thread 0x000000003988a000 Exception <a 'org/lwjgl/LWJGLException'> (0x00000000c0d278c8) thrown at [C:\ade\jenkins\workspace\8-2-build-windows-amd64-cygwin\jdk8u241\331\hotspot\src\share\vm\prims\jni.cpp, line 710]
Event: 11.941 Thread 0x000000003988a000 Exception <a 'org/lwjgl/LWJGLException'> (0x00000000c0d27e00) thrown at [C:\ade\jenkins\workspace\8-2-build-windows-amd64-cygwin\jdk8u241\331\hotspot\src\share\vm\prims\jni.cpp, line 710]
Event: 11.941 Thread 0x000000003988a000 Exception <a 'org/lwjgl/LWJGLException'> (0x00000000c0d284d0) thrown at [C:\ade\jenkins\workspace\8-2-build-windows-amd64-cygwin\jdk8u241\331\hotspot\src\share\vm\prims\jni.cpp, line 710]
Event: 11.941 Thread 0x000000003988a000 Exception <a 'org/lwjgl/LWJGLException'> (0x00000000c0d28b58) thrown at [C:\ade\jenkins\workspace\8-2-build-windows-amd64-cygwin\jdk8u241\331\hotspot\src\share\vm\prims\jni.cpp, line 710]
Event: 11.941 Thread 0x000000003988a000 Exception <a 'org/lwjgl/LWJGLException'> (0x00000000c0d291a0) thrown at [C:\ade\jenkins\workspace\8-2-build-windows-amd64-cygwin\jdk8u241\331\hotspot\src\share\vm\prims\jni.cpp, line 710]
Event: 11.941 Thread 0x000000003988a000 Exception <a 'org/lwjgl/LWJGLException'> (0x00000000c0d297f0) thrown at [C:\ade\jenkins\workspace\8-2-build-windows-amd64-cygwin\jdk8u241\331\hotspot\src\share\vm\prims\jni.cpp, line 710]
Event: 11.942 Thread 0x000000003988a000 Exception <a 'org/lwjgl/LWJGLException'> (0x00000000c0d29df8) thrown at [C:\ade\jenkins\workspace\8-2-build-windows-amd64-cygwin\jdk8u241\331\hotspot\src\share\vm\prims\jni.cpp, line 710]
Event: 11.942 Thread 0x000000003988a000 Exception <a 'org/lwjgl/LWJGLException'> (0x00000000c0d2a340) thrown at [C:\ade\jenkins\workspace\8-2-build-windows-amd64-cygwin\jdk8u241\331\hotspot\src\share\vm\prims\jni.cpp, line 710]
Event: 11.943 Thread 0x000000003988a000 Exception <a 'org/lwjgl/LWJGLException'> (0x00000000c0d2a870) thrown at [C:\ade\jenkins\workspace\8-2-build-windows-amd64-cygwin\jdk8u241\331\hotspot\src\share\vm\prims\jni.cpp, line 710]

Events (10 events):
Event: 11.962 loading class com/google/gson/internal/bind/ObjectTypeAdapter$2 done
Event: 11.963 loading class org/lwjgl/openal/ALCcontext
Event: 11.963 loading class org/lwjgl/openal/ALCcontext done
Event: 11.964 loading class org/lwjgl/openal/Util
Event: 11.964 loading class org/lwjgl/openal/Util done
Event: 11.964 loading class org/lwjgl/openal/OpenALException
Event: 11.964 loading class org/lwjgl/openal/OpenALException done
Event: 11.964 Executing VM operation: RevokeBias
Event: 11.965 Executing VM operation: RevokeBias done
Event: 11.965 Thread 0x000000003750b800 Thread exited: 0x000000003750b800


Dynamic libraries:
0x00007ff6ad340000 - 0x00007ff6ad377000 	D:\Programs\Java\jdk1.8.0_241\bin\javaw.exe
0x00007ff9326e0000 - 0x00007ff9328d0000 	C:\Windows\SYSTEM32\ntdll.dll
0x00007ff9307c0000 - 0x00007ff930872000 	C:\Windows\System32\KERNEL32.DLL
0x00007ff92f920000 - 0x00007ff92fbc3000 	C:\Windows\System32\KERNELBASE.dll
0x00007ff930d10000 - 0x00007ff930db3000 	C:\Windows\System32\ADVAPI32.dll
0x00007ff932600000 - 0x00007ff93269e000 	C:\Windows\System32\msvcrt.dll
0x00007ff930b10000 - 0x00007ff930ba7000 	C:\Windows\System32\sechost.dll
0x00007ff931bb0000 - 0x00007ff931cd0000 	C:\Windows\System32\RPCRT4.dll
0x00007ff932010000 - 0x00007ff9321a4000 	C:\Windows\System32\USER32.dll
0x00007ff92f740000 - 0x00007ff92f761000 	C:\Windows\System32\win32u.dll
0x00007ff930790000 - 0x00007ff9307b6000 	C:\Windows\System32\GDI32.dll
0x00007ff92fcd0000 - 0x00007ff92fe64000 	C:\Windows\System32\gdi32full.dll
0x00007ff92f6a0000 - 0x00007ff92f73e000 	C:\Windows\System32\msvcp_win.dll
0x00007ff930670000 - 0x00007ff93076a000 	C:\Windows\System32\ucrtbase.dll
0x00007ff920b30000 - 0x00007ff920db5000 	C:\Windows\WinSxS\amd64_microsoft.windows.common-controls_6595b64144ccf1df_6.0.18362.720_none_e6beb5c51314836b\COMCTL32.dll
0x00007ff931cd0000 - 0x00007ff932006000 	C:\Windows\System32\combase.dll
0x00007ff9305f0000 - 0x00007ff930670000 	C:\Windows\System32\bcryptPrimitives.dll
0x00007ff932520000 - 0x00007ff93254e000 	C:\Windows\System32\IMM32.DLL
0x0000000074080000 - 0x0000000074152000 	D:\Programs\Java\jdk1.8.0_241\jre\bin\msvcr100.dll
0x00000000742c0000 - 0x0000000074b6c000 	D:\Programs\Java\jdk1.8.0_241\jre\bin\server\jvm.dll
0x00007ff930c20000 - 0x00007ff930c28000 	C:\Windows\System32\PSAPI.DLL
0x00007ff925ab0000 - 0x00007ff925ab9000 	C:\Windows\SYSTEM32\WSOCK32.dll
0x00007ff9321b0000 - 0x00007ff93221f000 	C:\Windows\System32\WS2_32.dll
0x00007ff92b350000 - 0x00007ff92b35a000 	C:\Windows\SYSTEM32\VERSION.dll
0x00007ff923a30000 - 0x00007ff923a54000 	C:\Windows\SYSTEM32\WINMM.dll
0x00007ff927880000 - 0x00007ff9278ad000 	C:\Windows\SYSTEM32\WINMMBASE.dll
0x00007ff92fc80000 - 0x00007ff92fcca000 	C:\Windows\System32\cfgmgr32.dll
0x00007ff92c040000 - 0x00007ff92c04f000 	D:\Programs\Java\jdk1.8.0_241\jre\bin\verify.dll
0x00007ff91c0f0000 - 0x00007ff91c119000 	D:\Programs\Java\jdk1.8.0_241\jre\bin\java.dll
0x00007ff9234d0000 - 0x00007ff9234e6000 	D:\Programs\Java\jdk1.8.0_241\jre\bin\zip.dll
0x00007ff931250000 - 0x00007ff931935000 	C:\Windows\System32\SHELL32.dll
0x00007ff932550000 - 0x00007ff9325f9000 	C:\Windows\System32\shcore.dll
0x00007ff92fe70000 - 0x00007ff9305f0000 	C:\Windows\System32\windows.storage.dll
0x00007ff92f5f0000 - 0x00007ff92f613000 	C:\Windows\System32\profapi.dll
0x00007ff92f620000 - 0x00007ff92f66a000 	C:\Windows\System32\powrprof.dll
0x00007ff92f5a0000 - 0x00007ff92f5b0000 	C:\Windows\System32\UMPDC.dll
0x00007ff930a30000 - 0x00007ff930a82000 	C:\Windows\System32\shlwapi.dll
0x00007ff92f5d0000 - 0x00007ff92f5e1000 	C:\Windows\System32\kernel.appcore.dll
0x00007ff930770000 - 0x00007ff930787000 	C:\Windows\System32\cryptsp.dll
0x00007ff928f10000 - 0x00007ff928f1d000 	D:\Programs\Java\jdk1.8.0_241\jre\bin\management.dll
0x00007ff91bda0000 - 0x00007ff91bdba000 	D:\Programs\Java\jdk1.8.0_241\jre\bin\net.dll
0x00007ff92ee10000 - 0x00007ff92ee77000 	C:\Windows\system32\mswsock.dll
0x00007ff91bd80000 - 0x00007ff91bd92000 	D:\Programs\Java\jdk1.8.0_241\jre\bin\nio.dll
0x00007ff91b1c0000 - 0x00007ff91b1d6000 	C:\Windows\system32\napinsp.dll
0x00007ff91b1a0000 - 0x00007ff91b1ba000 	C:\Windows\system32\pnrpnsp.dll
0x00007ff92eb60000 - 0x00007ff92ec2a000 	C:\Windows\SYSTEM32\DNSAPI.dll
0x00007ff9323c0000 - 0x00007ff9323c8000 	C:\Windows\System32\NSI.dll
0x00007ff92eb20000 - 0x00007ff92eb5a000 	C:\Windows\SYSTEM32\IPHLPAPI.DLL
0x00007ff91b9d0000 - 0x00007ff91b9de000 	C:\Windows\System32\winrnr.dll
0x00007ff92c150000 - 0x00007ff92c16c000 	C:\Windows\system32\NLAapi.dll
0x00007ff9160c0000 - 0x00007ff9160d5000 	C:\Windows\system32\wshbth.dll
0x00007ff929c60000 - 0x00007ff929c6a000 	C:\Windows\System32\rasadhlp.dll
0x00007ff92a680000 - 0x00007ff92a6f7000 	C:\Windows\System32\fwpuclnt.dll
0x00007ff92f670000 - 0x00007ff92f696000 	C:\Windows\System32\bcrypt.dll
0x0000000180000000 - 0x0000000180051000 	C:\Users\UncleDrema\.gradle\caches\minecraft\net\minecraft\minecraft_natives\1.7.10\lwjgl64.dll
0x00007ff8e9560000 - 0x00007ff8e96b6000 	C:\Windows\SYSTEM32\OPENGL32.dll
0x00007ff91a4a0000 - 0x00007ff91a4cc000 	C:\Windows\SYSTEM32\GLU32.dll
0x00007ff92e280000 - 0x00007ff92e2a0000 	C:\Windows\SYSTEM32\dxcore.dll
0x00007ff92e980000 - 0x00007ff92e9b3000 	C:\Windows\system32\rsaenh.dll
0x00007ff92f4c0000 - 0x00007ff92f4e5000 	C:\Windows\SYSTEM32\USERENV.dll
0x00007ff92efe0000 - 0x00007ff92efec000 	C:\Windows\SYSTEM32\CRYPTBASE.dll
0x00007ff92ad20000 - 0x00007ff92ad36000 	C:\Windows\SYSTEM32\dhcpcsvc6.DLL
0x00007ff92acf0000 - 0x00007ff92ad0c000 	C:\Windows\SYSTEM32\dhcpcsvc.DLL
0x00007ff908180000 - 0x00007ff90831a000 	D:\Programs\Java\jdk1.8.0_241\jre\bin\awt.dll
0x00007ff930c40000 - 0x00007ff930d04000 	C:\Windows\System32\OLEAUT32.dll
0x00007ff92d850000 - 0x00007ff92d8df000 	C:\Windows\SYSTEM32\apphelp.dll
0x00007ff9291f0000 - 0x00007ff92929e000 	C:\Windows\SYSTEM32\mscms.dll
0x00007ff9291d0000 - 0x00007ff9291e7000 	C:\Windows\SYSTEM32\ColorAdapterClient.dll
0x00007ff92d920000 - 0x00007ff92d9b9000 	C:\Windows\system32\uxtheme.dll
0x00007ff932220000 - 0x00007ff932356000 	C:\Windows\System32\MSCTF.dll
0x0000000071920000 - 0x0000000074071000 	C:\Windows\System32\DriverStore\FileRepository\nv_dispi.inf_amd64_db678424d2641c3d\nvoglv64.dll
0x00007ff930dc0000 - 0x00007ff931230000 	C:\Windows\System32\SETUPAPI.dll
0x00007ff9319a0000 - 0x00007ff931af7000 	C:\Windows\System32\ole32.dll
0x00007ff92bb90000 - 0x00007ff92bba3000 	C:\Windows\SYSTEM32\WTSAPI32.dll
0x00007ff92f3a0000 - 0x00007ff92f3ca000 	C:\Windows\SYSTEM32\DEVOBJ.dll
0x00007ff92f8c0000 - 0x00007ff92f91c000 	C:\Windows\System32\WINTRUST.dll
0x00007ff92f5b0000 - 0x00007ff92f5c2000 	C:\Windows\System32\MSASN1.dll
0x00007ff92f770000 - 0x00007ff92f8b9000 	C:\Windows\System32\CRYPT32.dll
0x00007ff92e600000 - 0x00007ff92e631000 	C:\Windows\SYSTEM32\ntmarta.dll
0x00007ff92de20000 - 0x00007ff92de4d000 	C:\Windows\system32\dwmapi.dll
0x00007ff91aa30000 - 0x00007ff91aa73000 	C:\Windows\SYSTEM32\icm32.dll
0x00007ff92e6a0000 - 0x00007ff92e6fc000 	C:\Windows\SYSTEM32\WINSTA.dll
0x0000000070a40000 - 0x0000000070adc000 	C:\Users\UncleDrema\.gradle\caches\minecraft\net\minecraft\minecraft_natives\1.7.10\avutil-ttv-51.dll
0x0000000065980000 - 0x00000000659d6000 	C:\Users\UncleDrema\.gradle\caches\minecraft\net\minecraft\minecraft_natives\1.7.10\swresample-ttv-0.dll
0x000000006eb80000 - 0x000000006ec50000 	C:\Users\UncleDrema\.gradle\caches\minecraft\net\minecraft\minecraft_natives\1.7.10\libmp3lame-ttv.dll
0x00007ff8e6720000 - 0x00007ff8e7ac4000 	C:\Users\UncleDrema\.gradle\caches\minecraft\net\minecraft\minecraft_natives\1.7.10\libmfxsw64.dll
0x00007ff8fcd80000 - 0x00007ff8fceab000 	C:\Users\UncleDrema\.gradle\caches\minecraft\net\minecraft\minecraft_natives\1.7.10\twitchsdk.dll
0x00007ff927310000 - 0x00007ff9277e5000 	C:\Windows\SYSTEM32\WININET.dll
0x00000000466c0000 - 0x0000000046724000 	C:\Users\UncleDrema\.gradle\caches\minecraft\net\minecraft\minecraft_natives\1.7.10\OpenAL64.dll
0x00007ff931b00000 - 0x00007ff931ba2000 	C:\Windows\System32\clbcatq.dll
0x00007ff92aeb0000 - 0x00007ff92af22000 	C:\Windows\System32\MMDevApi.dll
0x00007ff91d0f0000 - 0x00007ff91d189000 	C:\Windows\SYSTEM32\dsound.dll
0x00007ff92b120000 - 0x00007ff92b27d000 	C:\Windows\SYSTEM32\AUDIOSES.DLL
0x00007ff92b770000 - 0x00007ff92b8c3000 	C:\Windows\SYSTEM32\wintypes.dll
0x00007ff9242e0000 - 0x00007ff9244d4000 	C:\Windows\SYSTEM32\dbghelp.dll

VM Arguments:
jvm_args: -Xincgc -Xmx1024M -Xms1024M -Dfile.encoding=Cp1251 
java_command: GradleStart
java_class_path (initial): D:\MCModding\bin;C:\Users\UncleDrema\.gradle\caches\minecraft\net\minecraftforge\forge\1.7.10-10.13.4.1558-1.7.10\forgeSrc-1.7.10-10.13.4.1558-1.7.10.jar;C:\Users\UncleDrema\.gradle\caches\modules-2\files-2.1\net.minecraft\launchwrapper\1.12\111e7bea9c968cdb3d06ef4632bf7ff0824d0f36\launchwrapper-1.12.jar;C:\Users\UncleDrema\.gradle\caches\modules-2\files-2.1\com.google.code.findbugs\jsr305\1.3.9\40719ea6961c0cb6afaeb6a921eaa1f6afd4cfdf\jsr305-1.3.9.jar;C:\Users\UncleDrema\.gradle\caches\modules-2\files-2.1\org.ow2.asm\asm-debug-all\5.0.3\f9e364ae2a66ce2a543012a4668856e84e5dab74\asm-debug-all-5.0.3.jar;C:\Users\UncleDrema\.gradle\caches\modules-2\files-2.1\com.typesafe.akka\akka-actor_2.11\2.3.3\ed62e9fc709ca0f2ff1a3220daa8b70a2870078e\akka-actor_2.11-2.3.3.jar;C:\Users\UncleDrema\.gradle\caches\modules-2\files-2.1\com.typesafe\config\1.2.1\f771f71fdae3df231bcd54d5ca2d57f0bf93f467\config-1.2.1.jar;C:\Users\UncleDrema\.gradle\caches\modules-2\files-2.1\org.scala-lang\scala-actors-migration_2.11\1.1.0\dfa8bc42b181d5b9f1a5dd147f8ae308b893eb6f\scala-actors-migration_2.11-1.1.0.jar;C:\Users\UncleDrema\.gradle\caches\modules-2\files-2.1\org.scala-lang\scala-compiler\2.11.1\56ea2e6c025e0821f28d73ca271218b8dd04926a\scala-compiler-2.11.1.jar;C:\Users\UncleDrema\.gradle\caches\modules-2\files-2.1\org.scala-lang.plugins\scala-continuations-library_2.11\1.0.2\e517c53a7e9acd6b1668c5a35eccbaa3bab9aac\scala-continuations-library_2.11-1.0.2.jar;C:\Users\UncleDrema\.gradle\caches\modules-2\files-2.1\org.scala-lang.plugins\scala-continuations-plugin_2.11.1\1.0.2\f361a3283452c57fa30c1ee69448995de23c60f7\scala-continuations-plugin_2.11.1-1.0.2.jar;C:\Users\UncleDrema\.gradle\caches\modules-2\files-2.1\org.scala-lang\scala-library\2.11.1\e11da23da3eabab9f4777b9220e60d44c1aab6a\scala-library-2.11.1.jar;C:\Users\UncleDrema\.gradle\caches\modules-2\files-2.1\org.scala-lang\scala-parser-combinators_2.11\1.0.1\f05d7345bf5a58924f2837c6c1f4d73a938e1ff0\scala-parser-
Launcher Type: SUN_STANDARD

Environment Variables:
PATH=D:/Programs/Java/jdk1.8.0_241/bin/../jre/bin/server;D:/Programs/Java/jdk1.8.0_241/bin/../jre/bin;D:/Programs/Java/jdk1.8.0_241/bin/../jre/lib/amd64;%JAVA_HOME%\bin;D:\Programs\Java\jdk1.8.0_241\bin;C:\ProgramData\Oracle\Java\javapath;C:\Program Files (x86)\Common Files\Oracle\Java\javapath;C:\Windows\system32;C:\Windows;C:\Windows\System32\Wbem;C:\Windows\System32\WindowsPowerShell\v1.0\;C:\Windows\System32\OpenSSH\;D:\Programs\dotnet\;D:\Programs\Git\cmd;C:\Users\UncleDrema\AppData\Local\Programs\Python\Python38-32\Scripts\;C:\Users\UncleDrema\AppData\Local\Programs\Python\Python38-32\;C:\Users\UncleDrema\AppData\Local\Microsoft\WindowsApps;D:\Programs\IntelliJ IDEA Community Edition 2019.3.1\bin;C:\Users\UncleDrema\AppData\Local\GitHubDesktop\bin;D:\Programs\Docker Toolbox;C:\Users\UncleDrema\Desktop;
USERNAME=UncleDrema
OS=Windows_NT
PROCESSOR_IDENTIFIER=AMD64 Family 23 Model 1 Stepping 1, AuthenticAMD



---------------  S Y S T E M  ---------------

OS: Windows 10.0 , 64 bit Build 18362 (10.0.18362.329)

CPU:total 12 (initial active 12) (12 cores per cpu, 1 threads per core) family 23 model 1 stepping 1, cmov, cx8, fxsr, mmx, sse, sse2, sse3, ssse3, sse4.1, sse4.2, popcnt, avx, avx2, aes, clmul, mmxext, 3dnowpref, lzcnt, sse4a, tsc, tscinvbit, tscinv, bmi1

Memory: 4k page, physical 33504584k(16371096k free), swap 43253132k(8106380k free)

vm_info: Java HotSpot(TM) 64-Bit Server VM (25.241-b07) for windows-amd64 JRE (1.8.0_241-b07), built on Dec 11 2019 10:21:40 by "rejava" with MS VC++ 10.0 (VS2010)

time: Thu Apr 23 20:26:09 2020
timezone: RTZ 2 (зима)
elapsed time: 12 seconds (0d 0h 0m 12s)

